2026-05-26 12:11:14 INFO One page is added into the database
2026-05-26 12:11:15 INFO We found out the number of pages we should run our loops 
2026-05-26 12:11:44 INFO One page is added into the database
2026-05-26 12:12:17 INFO One page is added into the database
2026-05-26 12:12:47 INFO One page is added into the database
2026-05-26 12:13:22 INFO One page is added into the database
2026-05-26 12:13:59 INFO One page is added into the database
2026-05-26 12:14:37 INFO One page is added into the database
2026-05-26 12:15:16 INFO One page is added into the database
2026-05-26 12:15:20 WARNING For the above book there is no description the title of the book is The Bridge to Consciousness: I'm Writing the Bridge Between Science and Our Old and New Beliefs. and the page number of the website is 9
2026-05-26 12:15:49 INFO One page is added into the database
2026-05-26 12:16:22 INFO One page is added into the database
2026-05-26 12:16:56 INFO One page is added into the database
2026-05-26 12:17:30 INFO One page is added into the database
2026-05-26 12:18:02 INFO One page is added into the database
2026-05-26 12:18:35 INFO One page is added into the database
2026-05-26 12:19:08 INFO One page is added into the database
2026-05-26 12:19:41 INFO One page is added into the database
2026-05-26 12:20:13 INFO One page is added into the database
2026-05-26 12:20:51 ERROR The title is repeated twice
2026-05-26 12:21:29 INFO One page is added into the database
2026-05-26 12:22:07 INFO One page is added into the database
2026-05-26 12:22:43 INFO One page is added into the database
2026-05-26 12:23:17 INFO One page is added into the database
2026-05-26 12:23:55 INFO One page is added into the database
2026-05-26 12:24:30 INFO One page is added into the database
2026-05-26 12:25:06 INFO One page is added into the database
2026-05-26 12:25:43 INFO One page is added into the database
2026-05-26 12:26:18 INFO One page is added into the database
2026-05-26 12:26:54 INFO One page is added into the database
2026-05-26 12:27:30 INFO One page is added into the database
2026-05-26 12:28:06 INFO One page is added into the database
2026-05-26 12:28:41 INFO One page is added into the database
2026-05-26 12:29:19 INFO One page is added into the database
2026-05-26 12:29:54 INFO One page is added into the database
2026-05-26 12:30:32 INFO One page is added into the database
2026-05-26 12:31:10 INFO One page is added into the database
2026-05-26 12:31:51 INFO One page is added into the database
2026-05-26 12:32:29 INFO One page is added into the database
2026-05-26 12:33:05 INFO One page is added into the database
2026-05-26 12:33:41 INFO One page is added into the database
2026-05-26 12:34:17 INFO One page is added into the database
2026-05-26 12:34:55 INFO One page is added into the database
2026-05-26 12:35:31 INFO One page is added into the database
2026-05-26 12:36:06 INFO One page is added into the database
2026-05-26 12:36:38 INFO One page is added into the database
2026-05-26 12:37:13 INFO One page is added into the database
2026-05-26 12:37:51 INFO One page is added into the database
2026-05-26 12:38:27 INFO One page is added into the database
2026-05-26 12:39:05 INFO One page is added into the database
2026-05-26 12:39:45 INFO One page is added into the database
2026-05-26 12:40:14 WARNING For the above book there is no description the title of the book is Alice in Wonderland (Alice's Adventures in Wonderland #1) and the page number of the website is 50
2026-05-26 12:40:21 INFO One page is added into the database
